{
  "file": "buggy_code_simple.py",
  "decision": "PASS_TO_FIXER",
  "total_tests": 5,
  "passed": 3,
  "failed": 2,
  "errors": [
    {
      "test_name": "test_calculate_average_empty",
      "error_type": "AssertionError",
      "message": "assert None == 0",
      "location": "test_code.py:12"
    },
    {
      "test_name": "test_multiply_by_two",
      "error_type": "AssertionError",
      "message": "assert 11 == 10",
      "location": "test_code.py:25"
    }
  ],
  "message": "2 test(s) failed. Code needs correction."
}